2024-01-19 12:58:31 Loading main app package /tmp/.mount_obsidizihY2T/resources/obsidian.asar
2024-01-19 12:58:32 Checking for update using Github
2024-01-19 12:58:32 Success.
2024-01-19 12:58:32 Latest version is 1.5.3
2024-01-19 12:58:32 App is up to date.
2024-01-19 13:58:31 Checking for update using Github
2024-01-19 13:58:31 Success.
2024-01-19 13:58:31 Latest version is 1.5.3
2024-01-19 13:58:31 App is up to date.
2024-01-19 14:58:31 Checking for update using Github
2024-01-19 14:58:31 Success.
2024-01-19 14:58:31 Latest version is 1.5.3
2024-01-19 14:58:31 App is up to date.
2024-01-19 15:18:36 Loading main app package /tmp/.mount_obsidiNtHkB4/resources/obsidian.asar
2024-01-19 15:18:37 Checking for update using Github
2024-01-19 15:18:37 Success.
2024-01-19 15:18:37 Latest version is 1.5.3
2024-01-19 15:18:37 App is up to date.
2024-01-19 16:18:36 Checking for update using Github
2024-01-19 16:18:37 Success.
2024-01-19 16:18:37 Latest version is 1.5.3
2024-01-19 16:18:37 App is up to date.
2024-01-19 16:37:44 Loading main app package /tmp/.mount_obsidiD4Hk8h/resources/obsidian.asar
2024-01-19 16:37:44 Checking for update using Github
2024-01-19 17:18:36 Checking for update using Github
2024-01-19 17:18:37 Success.
2024-01-19 17:18:37 Latest version is 1.5.3
2024-01-19 17:18:37 App is up to date.
2024-01-19 18:18:36 Checking for update using Github
2024-01-19 18:18:37 Success.
2024-01-19 18:18:37 Latest version is 1.5.3
2024-01-19 18:18:37 App is up to date.
2024-01-19 19:18:36 Checking for update using Github
2024-01-19 19:18:37 Success.
2024-01-19 19:18:37 Latest version is 1.5.3
2024-01-19 19:18:37 App is up to date.
2024-01-20 07:24:16 Loading main app package /tmp/.mount_obsidiRUvejf/resources/obsidian.asar
2024-01-20 07:24:16 Checking for update using Github
2024-01-20 07:24:17 Success.
2024-01-20 07:24:17 Latest version is 1.5.3
2024-01-20 07:24:17 App is up to date.
2024-01-20 15:45:02 Loading main app package /tmp/.mount_obsidithbDdp/resources/obsidian.asar
2024-01-20 15:45:02 Checking for update using Github
2024-01-20 15:45:03 Success.
2024-01-20 15:45:03 Latest version is 1.5.3
2024-01-20 15:45:03 App is up to date.
2024-01-20 16:45:02 Checking for update using Github
2024-01-20 16:45:02 Success.
2024-01-20 16:45:02 Latest version is 1.5.3
2024-01-20 16:45:02 App is up to date.
2024-01-20 17:45:02 Checking for update using Github
2024-01-20 17:45:02 Success.
2024-01-20 17:45:02 Latest version is 1.5.3
2024-01-20 17:45:02 App is up to date.
2024-01-20 18:45:02 Checking for update using Github
2024-01-20 18:45:02 Success.
2024-01-20 18:45:02 Latest version is 1.5.3
2024-01-20 18:45:02 App is up to date.
2024-01-20 19:45:02 Checking for update using Github
2024-01-20 19:45:03 Success.
2024-01-20 19:45:03 Latest version is 1.5.3
2024-01-20 19:45:03 App is up to date.
2024-01-20 20:45:02 Checking for update using Github
2024-01-20 20:45:02 Success.
2024-01-20 20:45:02 Latest version is 1.5.3
2024-01-20 20:45:02 App is up to date.
2024-01-23 13:25:51 Loading main app package /tmp/.mount_obsidiTu2G5c/resources/obsidian.asar
2024-01-23 13:25:52 Checking for update using Github
2024-01-23 13:25:52 Success.
2024-01-23 13:25:52 Latest version is 1.5.3
2024-01-23 13:25:52 App is up to date.
2024-01-23 14:25:51 Checking for update using Github
2024-01-23 14:25:52 Success.
2024-01-23 14:25:52 Latest version is 1.5.3
2024-01-23 14:25:52 App is up to date.
2024-01-23 14:52:58 Loading main app package /tmp/.mount_obsidiG4HeUv/resources/obsidian.asar
2024-01-23 14:52:59 Checking for update using Github
2024-01-23 14:53:00 Success.
2024-01-23 14:53:00 Latest version is 1.5.3
2024-01-23 14:53:00 App is up to date.
2024-01-24 13:21:10 Loading main app package /tmp/.mount_obsidi9rGdDZ/resources/obsidian.asar
2024-01-24 13:21:11 Checking for update using Github
2024-01-24 13:21:11 Success.
2024-01-24 13:21:11 Latest version is 1.5.3
2024-01-24 13:21:11 App is up to date.
2024-01-24 13:25:49 Loading main app package /tmp/.mount_obsidijMO74U/resources/obsidian.asar
2024-01-24 13:25:50 Checking for update using Github
2024-01-24 13:25:50 Success.
2024-01-24 13:25:50 Latest version is 1.5.3
2024-01-24 13:25:50 App is up to date.
2024-01-24 13:26:21 Loading main app package /tmp/.mount_obsidiuGMPBF/resources/obsidian.asar
2024-01-24 13:26:21 Checking for update using Github
2024-01-24 13:26:22 Success.
2024-01-24 13:26:22 Latest version is 1.5.3
2024-01-24 13:26:22 App is up to date.
2024-01-24 13:29:32 Loading main app package /tmp/.mount_obsidiDQxWv8/resources/obsidian.asar
2024-01-24 13:29:33 Checking for update using Github
2024-01-24 13:29:33 Success.
2024-01-24 13:29:33 Latest version is 1.5.3
2024-01-24 13:29:33 App is up to date.
2024-01-24 16:55:35 Loading main app package /tmp/.mount_obsidiDz3xyr/resources/obsidian.asar
2024-01-24 16:55:35 Checking for update using Github
2024-01-24 16:55:36 Success.
2024-01-24 16:55:36 Latest version is 1.5.3
2024-01-24 16:55:36 App is up to date.
2024-01-25 13:24:05 Loading main app package /tmp/.mount_obsididGBwBB/resources/obsidian.asar
2024-01-25 13:24:05 Checking for update using Github
2024-01-25 13:24:06 Success.
2024-01-25 13:24:06 Latest version is 1.5.3
2024-01-25 13:24:06 App is up to date.
2024-01-25 14:24:05 Checking for update using Github
2024-01-25 14:24:05 Success.
2024-01-25 14:24:05 Latest version is 1.5.3
2024-01-25 14:24:05 App is up to date.
2024-01-25 15:24:05 Checking for update using Github
2024-01-25 15:24:05 Success.
2024-01-25 15:24:05 Latest version is 1.5.3
2024-01-25 15:24:05 App is up to date.
2024-01-25 16:24:05 Checking for update using Github
2024-01-25 16:24:05 Success.
2024-01-25 16:24:05 Latest version is 1.5.3
2024-01-25 16:24:05 App is up to date.
2024-01-25 17:24:05 Checking for update using Github
2024-01-25 17:24:06 Success.
2024-01-25 17:24:06 Latest version is 1.5.3
2024-01-25 17:24:06 App is up to date.
2024-01-25 18:24:05 Checking for update using Github
2024-01-25 18:24:06 Success.
2024-01-25 18:24:06 Latest version is 1.5.3
2024-01-25 18:24:06 App is up to date.
2024-01-27 20:05:02 Loading main app package /tmp/.mount_obsidilrLEea/resources/obsidian.asar
2024-01-27 20:05:03 Checking for update using Github
2024-01-27 20:05:03 Success.
2024-01-27 20:05:03 Latest version is 1.5.3
2024-01-27 20:05:03 App is up to date.
2024-01-30 16:12:44 Loading main app package /tmp/.mount_obsidixMGfdS/resources/obsidian.asar
2024-01-30 16:12:45 Checking for update using Github
2024-01-30 16:12:45 Success.
2024-01-30 16:12:45 Latest version is 1.5.3
2024-01-30 16:12:45 App is up to date.
2024-01-30 17:12:44 Checking for update using Github
2024-01-30 17:12:44 Success.
2024-01-30 17:12:44 Latest version is 1.5.3
2024-01-30 17:12:44 App is up to date.
2024-02-10 16:53:18 Loading main app package /tmp/.mount_obsidiSELy5m/resources/obsidian.asar
2024-02-10 16:53:19 Checking for update using Github
2024-02-10 16:53:19 Success.
2024-02-10 16:53:19 Latest version is 1.5.3
2024-02-10 16:53:19 App is up to date.
2024-02-11 18:44:48 Loading main app package /tmp/.mount_obsidiFTHNKU/resources/obsidian.asar
2024-02-11 18:44:49 Checking for update using Github
2024-02-11 18:44:50 Success.
2024-02-11 18:44:50 Latest version is 1.5.3
2024-02-11 18:44:50 App is up to date.
2024-02-11 19:44:48 Checking for update using Github
2024-02-11 19:44:49 Success.
2024-02-11 19:44:49 Latest version is 1.5.3
2024-02-11 19:44:49 App is up to date.
2024-02-12 11:49:54 Loading main app package /tmp/.mount_obsidiiUrHc0/resources/obsidian.asar
2024-02-12 11:49:54 Checking for update using Github
2024-02-12 11:49:55 Success.
2024-02-12 11:49:55 Latest version is 1.5.3
2024-02-12 11:49:55 App is up to date.
2024-02-20 07:03:12 Loading main app package /tmp/.mount_obsidiCE59Hx/resources/obsidian.asar
2024-02-20 07:03:12 Checking for update using Github
2024-02-20 07:05:28 Success.
2024-02-20 07:05:28 Latest version is 1.5.3
2024-02-20 07:05:28 App is up to date.
2024-02-21 08:09:15 Loading main app package /tmp/.mount_obsidiYXyLBb/resources/obsidian.asar
2024-02-21 08:09:15 Checking for update using Github
2024-02-21 08:09:22 Success.
2024-02-21 08:09:22 Latest version is 1.5.3
2024-02-21 08:09:22 App is up to date.
